Using pre-set license
Built from '2021.3/staging' branch; Version is '2021.3.24f1 (cf10dcf7010d) revision 13570268'; Using compiler version '192829333'; Build Type 'Release'
OS: 'Windows 10  (10.0.19045) 64bit Core' Language: 'zh' Physical Memory: 14802 MB
BatchMode: 1, IsHumanControllingUs: 0, StartBugReporterOnCrash: 0, Is64bit: 1, IsPro: 1

COMMAND LINE ARGUMENTS:
C:\Program Files\Unity\Hub\Editor\2021.3.24f1\Editor\Unity.exe
-adb2
-batchMode
-noUpm
-name
AssetImportWorker0
-projectPath
D:/Desktop/Files/GameProjects/JackFrostRemaster
-logFile
Logs/AssetImportWorker0.log
-srvPort
62019
Successfully changed project path to: D:/Desktop/Files/GameProjects/JackFrostRemaster
D:/Desktop/Files/GameProjects/JackFrostRemaster
[UnityMemory] Configuration Parameters - Can be set up in boot.config
    "memorysetup-bucket-allocator-granularity=16"
    "memorysetup-bucket-allocator-bucket-count=8"
    "memorysetup-bucket-allocator-block-size=33554432"
    "memorysetup-bucket-allocator-block-count=8"
    "memorysetup-main-allocator-block-size=16777216"
    "memorysetup-thread-allocator-block-size=16777216"
    "memorysetup-gfx-main-allocator-block-size=16777216"
    "memorysetup-gfx-thread-allocator-block-size=16777216"
    "memorysetup-cache-allocator-block-size=4194304"
    "memorysetup-typetree-allocator-block-size=2097152"
    "memorysetup-profiler-bucket-allocator-granularity=16"
    "memorysetup-profiler-bucket-allocator-bucket-count=8"
    "memorysetup-profiler-bucket-allocator-block-size=33554432"
    "memorysetup-profiler-bucket-allocator-block-count=8"
    "memorysetup-profiler-allocator-block-size=16777216"
    "memorysetup-profiler-editor-allocator-block-size=1048576"
    "memorysetup-temp-allocator-size-main=16777216"
    "memorysetup-job-temp-allocator-block-size=2097152"
    "memorysetup-job-temp-allocator-block-size-background=1048576"
    "memorysetup-job-temp-allocator-reduction-small-platforms=262144"
    "memorysetup-temp-allocator-size-background-worker=32768"
    "memorysetup-temp-allocator-size-job-worker=262144"
    "memorysetup-temp-allocator-size-preload-manager=33554432"
    "memorysetup-temp-allocator-size-nav-mesh-worker=65536"
    "memorysetup-temp-allocator-size-audio-worker=65536"
    "memorysetup-temp-allocator-size-cloud-worker=32768"
    "memorysetup-temp-allocator-size-gi-baking-worker=262144"
    "memorysetup-temp-allocator-size-gfx=262144"
Player connection [23084] Host "[IP] 192.168.0.134 [Port] 0 [Flags] 2 [Guid] 974223741 [EditorId] 974223741 [Version] 1048832 [Id] WindowsEditor(7,ShadowGames) [Debug] 1 [PackageName] WindowsEditor [ProjectName] Editor" joined multi-casting on [225.0.0.222:54997]...

Player connection [23084] Host "[IP] 192.168.0.134 [Port] 0 [Flags] 2 [Guid] 974223741 [EditorId] 974223741 [Version] 1048832 [Id] WindowsEditor(7,ShadowGames) [Debug] 1 [PackageName] WindowsEditor [ProjectName] Editor" joined alternative multi-casting on [225.0.0.222:34997]...

Refreshing native plugins compatible for Editor in 110.54 ms, found 4 plugins.
Preloading 0 native plugins for Editor in 0.00 ms.
Initialize engine version: 2021.3.24f1 (cf10dcf7010d)
[Subsystems] Discovering subsystems at path C:/Program Files/Unity/Hub/Editor/2021.3.24f1/Editor/Data/Resources/UnitySubsystems
[Subsystems] Discovering subsystems at path D:/Desktop/Files/GameProjects/JackFrostRemaster/Assets
GfxDevice: creating device client; threaded=0; jobified=0
Direct3D:
    Version:  Direct3D 11.0 [level 11.1]
    Renderer: NVIDIA GeForce RTX 3060 (ID=0x2504)
    Vendor:   NVIDIA
    VRAM:     12115 MB
    Driver:   32.0.15.5612
Initialize mono
Mono path[0] = 'C:/Program Files/Unity/Hub/Editor/2021.3.24f1/Editor/Data/Managed'
Mono path[1] = 'C:/Program Files/Unity/Hub/Editor/2021.3.24f1/Editor/Data/MonoBleedingEdge/lib/mono/unityjit-win32'
Mono config path = 'C:/Program Files/Unity/Hub/Editor/2021.3.24f1/Editor/Data/MonoBleedingEdge/etc'
Using monoOptions --debugger-agent=transport=dt_socket,embedding=1,server=y,suspend=n,address=127.0.0.1:56752
Begin MonoManager ReloadAssembly
Registering precompiled unity dll's ...
Register platform support module: C:/Program Files/Unity/Hub/Editor/2021.3.24f1/Editor/Data/PlaybackEngines/AndroidPlayer/UnityEditor.Android.Extensions.dll
Register platform support module: C:/Program Files/Unity/Hub/Editor/2021.3.24f1/Editor/Data/PlaybackEngines/iOSSupport/UnityEditor.iOS.Extensions.dll
Register platform support module: C:/Program Files/Unity/Hub/Editor/2021.3.24f1/Editor/Data/PlaybackEngines/WindowsStandaloneSupport/UnityEditor.WindowsStandalone.Extensions.dll
Registered in 0.012573 seconds.
Native extension for WindowsStandalone target not found
Native extension for iOS target not found
Native extension for Android target not found
Android Extension - Scanning For ADB Devices 212 ms
Refreshing native plugins compatible for Editor in 91.71 ms, found 4 plugins.
Preloading 0 native plugins for Editor in 0.00 ms.
Mono: successfully reloaded assembly
- Completed reload, in  0.950 seconds
Domain Reload Profiling:
	ReloadAssembly (951ms)
		BeginReloadAssembly (93ms)
			ExecutionOrderSort (0ms)
			DisableScriptedObjects (0ms)
			BackupInstance (0ms)
			ReleaseScriptingObjects (0ms)
			CreateAndSetChildDomain (1ms)
		EndReloadAssembly (730ms)
			LoadAssemblies (91ms)
			RebuildTransferFunctionScriptingTraits (0ms)
			SetupTypeCache (112ms)
			ReleaseScriptCaches (0ms)
			RebuildScriptCaches (32ms)
			SetupLoadedEditorAssemblies (532ms)
				LogAssemblyErrors (0ms)
				InitializePlatformSupportModulesInManaged (299ms)
				SetLoadedEditorAssemblies (0ms)
				RefreshPlugins (92ms)
				BeforeProcessingInitializeOnLoad (1ms)
				ProcessInitializeOnLoadAttributes (90ms)
				ProcessInitializeOnLoadMethodAttributes (50ms)
				AfterProcessingInitializeOnLoad (0ms)
				EditorAssembliesLoaded (0ms)
			ExecutionOrderSort2 (0ms)
			AwakeInstancesAfterBackupRestoration (0ms)
Platform modules already initialized, skipping
Registering precompiled user dll's ...
Registered in 0.007053 seconds.
Begin MonoManager ReloadAssembly
Native extension for WindowsStandalone target not found
Native extension for iOS target not found
Native extension for Android target not found
Refreshing native plugins compatible for Editor in 102.48 ms, found 4 plugins.
Preloading 0 native plugins for Editor in 0.00 ms.
Mono: successfully reloaded assembly
- Completed reload, in  1.508 seconds
Domain Reload Profiling:
	ReloadAssembly (1509ms)
		BeginReloadAssembly (117ms)
			ExecutionOrderSort (0ms)
			DisableScriptedObjects (6ms)
			BackupInstance (0ms)
			ReleaseScriptingObjects (0ms)
			CreateAndSetChildDomain (18ms)
		EndReloadAssembly (1280ms)
			LoadAssemblies (96ms)
			RebuildTransferFunctionScriptingTraits (0ms)
			SetupTypeCache (272ms)
			ReleaseScriptCaches (1ms)
			RebuildScriptCaches (60ms)
			SetupLoadedEditorAssemblies (820ms)
				LogAssemblyErrors (0ms)
				InitializePlatformSupportModulesInManaged (29ms)
				SetLoadedEditorAssemblies (0ms)
				RefreshPlugins (103ms)
				BeforeProcessingInitializeOnLoad (101ms)
				ProcessInitializeOnLoadAttributes (541ms)
				ProcessInitializeOnLoadMethodAttributes (37ms)
				AfterProcessingInitializeOnLoad (9ms)
				EditorAssembliesLoaded (0ms)
			ExecutionOrderSort2 (0ms)
			AwakeInstancesAfterBackupRestoration (5ms)
Platform modules already initialized, skipping
========================================================================
Worker process is ready to serve import requests
Launched and connected shader compiler UnityShaderCompiler.exe after 0.03 seconds
Refreshing native plugins compatible for Editor in 1.05 ms, found 4 plugins.
Preloading 0 native plugins for Editor in 0.00 ms.
Unloading 4238 Unused Serialized files (Serialized files now loaded: 0)
Unloading 51 unused Assets / (129.3 KB). Loaded Objects now: 4699.
Memory consumption went from 161.6 MB to 161.5 MB.
Total: 3.968200 ms (FindLiveObjects: 0.298100 ms CreateObjectMapping: 0.246800 ms MarkObjects: 3.345200 ms  DeleteObjects: 0.077300 ms)

AssetImportParameters requested are different than current active one (requested -> active):
  custom:video-decoder-ogg-theora: a1e56fd34408186e4bbccfd4996cb3dc -> 
  custom:container-muxer-webm: aa71ff27fc2769a1b78a27578f13a17b -> 
  custom:container-demuxer-webm: 4f35f7cbe854078d1ac9338744f61a02 -> 
  custom:video-encoder-webm-vp8: eb34c28f22e8b96e1ab97ce403110664 -> 
  custom:audio-encoder-webm-vorbis: bf7c407c2cedff20999df2af8eb42d56 -> 
  custom:framework-win-MediaFoundation: 216162199b28c13a410421893ffa2e32 -> 
  custom:container-demuxer-ogg: 62fdf1f143b41e24485cea50d1cbac27 -> 
  custom:video-decoder-webm-vp8: 9c59270c3fd7afecdb556c50c9e8de78 -> 
  custom:audio-decoder-ogg-vorbis: bf7c407c2cedff20999df2af8eb42d56 -> 
========================================================================
Received Import Request.
  Time since last request: 240831.604887 seconds.
  path: Assets/Resources
  artifactKey: Guid(d57fa105de5a14249ac19bca055dff35) Importer(815301076,1909f56bfc062723c751e8b465ee728b)
Start importing Assets/Resources using Guid(d57fa105de5a14249ac19bca055dff35) Importer(815301076,1909f56bfc062723c751e8b465ee728b)  -> (artifact id: '2a16a1d7f958261bc6f4883d29ec84ba') in 0.016331 seconds 
========================================================================
Received Import Request.
  Time since last request: 29.055581 seconds.
  path: Assets/Resources/character1.png
  artifactKey: Guid(182bc326d9c3f7545be430b8a93fd138) Importer(815301076,1909f56bfc062723c751e8b465ee728b)
Start importing Assets/Resources/character1.png using Guid(182bc326d9c3f7545be430b8a93fd138) Importer(815301076,1909f56bfc062723c751e8b465ee728b)  -> (artifact id: 'cb3857d4c96e96feb6b69fedda3bc389') in 0.105029 seconds 
========================================================================
Received Import Request.
  Time since last request: 3729.657680 seconds.
  path: Assets/Resources/ground.png
  artifactKey: Guid(597c65d4fa827a144a2c9a95aa932407) Importer(815301076,1909f56bfc062723c751e8b465ee728b)
Start importing Assets/Resources/ground.png using Guid(597c65d4fa827a144a2c9a95aa932407) Importer(815301076,1909f56bfc062723c751e8b465ee728b)  -> (artifact id: '0cc475136716df4660ae8dc61d39668c') in 0.044285 seconds 
========================================================================
Received Import Request.
  Time since last request: 4.112335 seconds.
  path: Assets/Resources/ground.asset
  artifactKey: Guid(24f2f9f0e2bce6b4bba0fc8e3e8f94e7) Importer(815301076,1909f56bfc062723c751e8b465ee728b)
Start importing Assets/Resources/ground.asset using Guid(24f2f9f0e2bce6b4bba0fc8e3e8f94e7) Importer(815301076,1909f56bfc062723c751e8b465ee728b)  -> (artifact id: '6f46533dc6e840c133b7c837e7b012c1') in 0.026370 seconds 
========================================================================
Received Import Request.
  Time since last request: 26.537464 seconds.
  path: Assets/Resources/ground.asset
  artifactKey: Guid(24f2f9f0e2bce6b4bba0fc8e3e8f94e7) Importer(815301076,1909f56bfc062723c751e8b465ee728b)
Start importing Assets/Resources/ground.asset using Guid(24f2f9f0e2bce6b4bba0fc8e3e8f94e7) Importer(815301076,1909f56bfc062723c751e8b465ee728b)  -> (artifact id: 'f2a101d515f6fb15386c8bb463aa0ca1') in 0.004670 seconds 
========================================================================
Received Import Request.
  Time since last request: 1990.474317 seconds.
  path: Assets/LevelPalette/Level.prefab
  artifactKey: Guid(bf755f6a2a5f932499a8793c2e1cd52c) Importer(815301076,1909f56bfc062723c751e8b465ee728b)
Start importing Assets/LevelPalette/Level.prefab using Guid(bf755f6a2a5f932499a8793c2e1cd52c) Importer(815301076,1909f56bfc062723c751e8b465ee728b)  -> (artifact id: 'a932a6b5f41a9fdbe155e6a8929e4946') in 0.060998 seconds 
========================================================================
Received Import Request.
  Time since last request: 27.742864 seconds.
  path: Assets/LevelPalette/New Palette.prefab
  artifactKey: Guid(40756c6b907e1934aa009c6c612a1a70) Importer(815301076,1909f56bfc062723c751e8b465ee728b)
Start importing Assets/LevelPalette/New Palette.prefab using Guid(40756c6b907e1934aa009c6c612a1a70) Importer(815301076,1909f56bfc062723c751e8b465ee728b)  -> (artifact id: 'f9f4854b2b7158382f693eb33c9a7151') in 0.012033 seconds 
========================================================================
Received Import Request.
  Time since last request: 43.804301 seconds.
  path: Assets/LevelPalette/Level.prefab
  artifactKey: Guid(bf755f6a2a5f932499a8793c2e1cd52c) Importer(815301076,1909f56bfc062723c751e8b465ee728b)
Start importing Assets/LevelPalette/Level.prefab using Guid(bf755f6a2a5f932499a8793c2e1cd52c) Importer(815301076,1909f56bfc062723c751e8b465ee728b)  -> (artifact id: '31a2c4022b7af8643686a6e2d983597e') in 0.020742 seconds 
========================================================================
Received Import Request.
  Time since last request: 19.778246 seconds.
  path: Assets/Resources/tile-1.png
  artifactKey: Guid(ef2ef9f30dd98a64db798dce57a2358a) Importer(815301076,1909f56bfc062723c751e8b465ee728b)
Start importing Assets/Resources/tile-1.png using Guid(ef2ef9f30dd98a64db798dce57a2358a) Importer(815301076,1909f56bfc062723c751e8b465ee728b)  -> (artifact id: '5114cf91a1dc592343edb9cc7817d53f') in 0.016068 seconds 
========================================================================
Received Import Request.
  Time since last request: 0.000020 seconds.
  path: Assets/Resources/tile-3.png
  artifactKey: Guid(2cc05e1d16673d4408cf1c31d77273e8) Importer(815301076,1909f56bfc062723c751e8b465ee728b)
Start importing Assets/Resources/tile-3.png using Guid(2cc05e1d16673d4408cf1c31d77273e8) Importer(815301076,1909f56bfc062723c751e8b465ee728b)  -> (artifact id: '521d0f9ac991e66ca8f5b3b2abcbbfb2') in 0.017594 seconds 
========================================================================
Received Import Request.
  Time since last request: 9.867828 seconds.
  path: Assets/Resources/tile-1.asset
  artifactKey: Guid(7ac888834702f0d4d9b89626028877cb) Importer(815301076,1909f56bfc062723c751e8b465ee728b)
Start importing Assets/Resources/tile-1.asset using Guid(7ac888834702f0d4d9b89626028877cb) Importer(815301076,1909f56bfc062723c751e8b465ee728b)  -> (artifact id: '3a3d76cdd78a5a52b9b554724d23e8e1') in 0.008971 seconds 
========================================================================
Received Import Request.
  Time since last request: 6.907105 seconds.
  path: Assets/Resources/tile-2.asset
  artifactKey: Guid(5c51f29a0326b394f9c859ba2958fdad) Importer(815301076,1909f56bfc062723c751e8b465ee728b)
Start importing Assets/Resources/tile-2.asset using Guid(5c51f29a0326b394f9c859ba2958fdad) Importer(815301076,1909f56bfc062723c751e8b465ee728b)  -> (artifact id: 'e8e125fe41897aea486ad8d5cafe7a13') in 0.009307 seconds 
========================================================================
Received Import Request.
  Time since last request: 6.510982 seconds.
  path: Assets/Resources/tile-3.asset
  artifactKey: Guid(aff73a17aa2f07f41aa97c3c53189b7e) Importer(815301076,1909f56bfc062723c751e8b465ee728b)
Start importing Assets/Resources/tile-3.asset using Guid(aff73a17aa2f07f41aa97c3c53189b7e) Importer(815301076,1909f56bfc062723c751e8b465ee728b)  -> (artifact id: '4bd7fe3b8b44bf775a52a4fc4ebc0b67') in 0.010276 seconds 
========================================================================
Received Import Request.
  Time since last request: 79.662210 seconds.
  path: Assets/Resources/tile-1.png
  artifactKey: Guid(ef2ef9f30dd98a64db798dce57a2358a) Importer(815301076,1909f56bfc062723c751e8b465ee728b)
Start importing Assets/Resources/tile-1.png using Guid(ef2ef9f30dd98a64db798dce57a2358a) Importer(815301076,1909f56bfc062723c751e8b465ee728b)  -> (artifact id: '7fb6238321db2e31fe9d6569359aa815') in 0.007755 seconds 
========================================================================
Received Import Request.
  Time since last request: 41.063614 seconds.
  path: Assets/Resources/tile-2.asset
  artifactKey: Guid(5c51f29a0326b394f9c859ba2958fdad) Importer(815301076,1909f56bfc062723c751e8b465ee728b)
Start importing Assets/Resources/tile-2.asset using Guid(5c51f29a0326b394f9c859ba2958fdad) Importer(815301076,1909f56bfc062723c751e8b465ee728b)  -> (artifact id: 'bf67aa37e718381f8a4331838f00b330') in 0.019866 seconds 
========================================================================
Received Import Request.
  Time since last request: 3.034781 seconds.
  path: Assets/Resources/tile-3.png
  artifactKey: Guid(2cc05e1d16673d4408cf1c31d77273e8) Importer(815301076,1909f56bfc062723c751e8b465ee728b)
Start importing Assets/Resources/tile-3.png using Guid(2cc05e1d16673d4408cf1c31d77273e8) Importer(815301076,1909f56bfc062723c751e8b465ee728b)  -> (artifact id: 'd0f8064a530d5652c432d99ebdef798a') in 0.007503 seconds 
========================================================================
Received Import Request.
  Time since last request: 0.003990 seconds.
  path: Assets/Resources/tile-3.asset
  artifactKey: Guid(aff73a17aa2f07f41aa97c3c53189b7e) Importer(815301076,1909f56bfc062723c751e8b465ee728b)
Start importing Assets/Resources/tile-3.asset using Guid(aff73a17aa2f07f41aa97c3c53189b7e) Importer(815301076,1909f56bfc062723c751e8b465ee728b)  -> (artifact id: '424e136ed514dd34b9cb9e13233b944d') in 0.005257 seconds 
