Using pre-set license
Built from '2021.3/staging' branch; Version is '2021.3.24f1 (cf10dcf7010d) revision 13570268'; Using compiler version '192829333'; Build Type 'Release'
OS: 'Windows 10  (10.0.19045) 64bit Core' Language: 'zh' Physical Memory: 14802 MB
BatchMode: 1, IsHumanControllingUs: 0, StartBugReporterOnCrash: 0, Is64bit: 1, IsPro: 1

COMMAND LINE ARGUMENTS:
C:\Program Files\Unity\Hub\Editor\2021.3.24f1\Editor\Unity.exe
-adb2
-batchMode
-noUpm
-name
AssetImportWorker2
-projectPath
D:/Desktop/Files/GameProjects/JackFrostRemaster
-logFile
Logs/AssetImportWorker2.log
-srvPort
54457
Successfully changed project path to: D:/Desktop/Files/GameProjects/JackFrostRemaster
D:/Desktop/Files/GameProjects/JackFrostRemaster
[UnityMemory] Configuration Parameters - Can be set up in boot.config
    "memorysetup-bucket-allocator-granularity=16"
    "memorysetup-bucket-allocator-bucket-count=8"
    "memorysetup-bucket-allocator-block-size=33554432"
    "memorysetup-bucket-allocator-block-count=8"
    "memorysetup-main-allocator-block-size=16777216"
    "memorysetup-thread-allocator-block-size=16777216"
    "memorysetup-gfx-main-allocator-block-size=16777216"
    "memorysetup-gfx-thread-allocator-block-size=16777216"
    "memorysetup-cache-allocator-block-size=4194304"
    "memorysetup-typetree-allocator-block-size=2097152"
    "memorysetup-profiler-bucket-allocator-granularity=16"
    "memorysetup-profiler-bucket-allocator-bucket-count=8"
    "memorysetup-profiler-bucket-allocator-block-size=33554432"
    "memorysetup-profiler-bucket-allocator-block-count=8"
    "memorysetup-profiler-allocator-block-size=16777216"
    "memorysetup-profiler-editor-allocator-block-size=1048576"
    "memorysetup-temp-allocator-size-main=16777216"
    "memorysetup-job-temp-allocator-block-size=2097152"
    "memorysetup-job-temp-allocator-block-size-background=1048576"
    "memorysetup-job-temp-allocator-reduction-small-platforms=262144"
    "memorysetup-temp-allocator-size-background-worker=32768"
    "memorysetup-temp-allocator-size-job-worker=262144"
    "memorysetup-temp-allocator-size-preload-manager=33554432"
    "memorysetup-temp-allocator-size-nav-mesh-worker=65536"
    "memorysetup-temp-allocator-size-audio-worker=65536"
    "memorysetup-temp-allocator-size-cloud-worker=32768"
    "memorysetup-temp-allocator-size-gi-baking-worker=262144"
    "memorysetup-temp-allocator-size-gfx=262144"
Player connection [11228] Host "[IP] 192.168.0.134 [Port] 0 [Flags] 2 [Guid] 1721654364 [EditorId] 1721654364 [Version] 1048832 [Id] WindowsEditor(7,ShadowGames) [Debug] 1 [PackageName] WindowsEditor [ProjectName] Editor" joined multi-casting on [225.0.0.222:54997]...

Player connection [11228] Host "[IP] 192.168.0.134 [Port] 0 [Flags] 2 [Guid] 1721654364 [EditorId] 1721654364 [Version] 1048832 [Id] WindowsEditor(7,ShadowGames) [Debug] 1 [PackageName] WindowsEditor [ProjectName] Editor" joined alternative multi-casting on [225.0.0.222:34997]...

Refreshing native plugins compatible for Editor in 118.07 ms, found 4 plugins.
Preloading 0 native plugins for Editor in 0.00 ms.
Initialize engine version: 2021.3.24f1 (cf10dcf7010d)
[Subsystems] Discovering subsystems at path C:/Program Files/Unity/Hub/Editor/2021.3.24f1/Editor/Data/Resources/UnitySubsystems
[Subsystems] Discovering subsystems at path D:/Desktop/Files/GameProjects/JackFrostRemaster/Assets
GfxDevice: creating device client; threaded=0; jobified=0
Direct3D:
    Version:  Direct3D 11.0 [level 11.1]
    Renderer: NVIDIA GeForce RTX 3060 (ID=0x2504)
    Vendor:   NVIDIA
    VRAM:     12115 MB
    Driver:   32.0.15.5612
Initialize mono
Mono path[0] = 'C:/Program Files/Unity/Hub/Editor/2021.3.24f1/Editor/Data/Managed'
Mono path[1] = 'C:/Program Files/Unity/Hub/Editor/2021.3.24f1/Editor/Data/MonoBleedingEdge/lib/mono/unityjit-win32'
Mono config path = 'C:/Program Files/Unity/Hub/Editor/2021.3.24f1/Editor/Data/MonoBleedingEdge/etc'
Using monoOptions --debugger-agent=transport=dt_socket,embedding=1,server=y,suspend=n,address=127.0.0.1:56368
Begin MonoManager ReloadAssembly
Registering precompiled unity dll's ...
Register platform support module: C:/Program Files/Unity/Hub/Editor/2021.3.24f1/Editor/Data/PlaybackEngines/AndroidPlayer/UnityEditor.Android.Extensions.dll
Register platform support module: C:/Program Files/Unity/Hub/Editor/2021.3.24f1/Editor/Data/PlaybackEngines/iOSSupport/UnityEditor.iOS.Extensions.dll
Register platform support module: C:/Program Files/Unity/Hub/Editor/2021.3.24f1/Editor/Data/PlaybackEngines/WindowsStandaloneSupport/UnityEditor.WindowsStandalone.Extensions.dll
Registered in 0.010405 seconds.
Native extension for WindowsStandalone target not found
[usbmuxd] Start listen thread
[usbmuxd] Listen thread started
Native extension for iOS target not found
Native extension for Android target not found
Android Extension - Scanning For ADB Devices 242 ms
Refreshing native plugins compatible for Editor in 96.60 ms, found 4 plugins.
Preloading 0 native plugins for Editor in 0.00 ms.
Mono: successfully reloaded assembly
- Completed reload, in  0.978 seconds
Domain Reload Profiling:
	ReloadAssembly (978ms)
		BeginReloadAssembly (85ms)
			ExecutionOrderSort (0ms)
			DisableScriptedObjects (0ms)
			BackupInstance (0ms)
			ReleaseScriptingObjects (0ms)
			CreateAndSetChildDomain (1ms)
		EndReloadAssembly (790ms)
			LoadAssemblies (83ms)
			RebuildTransferFunctionScriptingTraits (0ms)
			SetupTypeCache (145ms)
			ReleaseScriptCaches (0ms)
			RebuildScriptCaches (25ms)
			SetupLoadedEditorAssemblies (567ms)
				LogAssemblyErrors (0ms)
				InitializePlatformSupportModulesInManaged (339ms)
				SetLoadedEditorAssemblies (0ms)
				RefreshPlugins (97ms)
				BeforeProcessingInitializeOnLoad (1ms)
				ProcessInitializeOnLoadAttributes (88ms)
				ProcessInitializeOnLoadMethodAttributes (42ms)
				AfterProcessingInitializeOnLoad (0ms)
				EditorAssembliesLoaded (0ms)
			ExecutionOrderSort2 (0ms)
			AwakeInstancesAfterBackupRestoration (0ms)
Platform modules already initialized, skipping
Registering precompiled user dll's ...
Registered in 0.005367 seconds.
Begin MonoManager ReloadAssembly
Symbol file LoadedFromMemory doesn't match image D:\Desktop\Files\GameProjects\JackFrostRemaster\Library\PackageCache\com.unity.visualscripting@1.8.0\Editor\VisualScripting.Core\Dependencies\YamlDotNet\Unity.VisualScripting.YamlDotNet.dll
Symbol file LoadedFromMemory doesn't match image D:\Desktop\Files\GameProjects\JackFrostRemaster\Library\PackageCache\com.unity.visualscripting@1.8.0\Editor\VisualScripting.Core\Dependencies\DotNetZip\Unity.VisualScripting.IonicZip.dll
Native extension for WindowsStandalone target not found
Native extension for iOS target not found
Native extension for Android target not found
Refreshing native plugins compatible for Editor in 101.50 ms, found 4 plugins.
Preloading 0 native plugins for Editor in 0.00 ms.
Mono: successfully reloaded assembly
- Completed reload, in  1.550 seconds
Domain Reload Profiling:
	ReloadAssembly (1551ms)
		BeginReloadAssembly (120ms)
			ExecutionOrderSort (0ms)
			DisableScriptedObjects (6ms)
			BackupInstance (0ms)
			ReleaseScriptingObjects (0ms)
			CreateAndSetChildDomain (18ms)
		EndReloadAssembly (1323ms)
			LoadAssemblies (104ms)
			RebuildTransferFunctionScriptingTraits (0ms)
			SetupTypeCache (308ms)
			ReleaseScriptCaches (1ms)
			RebuildScriptCaches (74ms)
			SetupLoadedEditorAssemblies (778ms)
				LogAssemblyErrors (0ms)
				InitializePlatformSupportModulesInManaged (40ms)
				SetLoadedEditorAssemblies (0ms)
				RefreshPlugins (102ms)
				BeforeProcessingInitializeOnLoad (93ms)
				ProcessInitializeOnLoadAttributes (487ms)
				ProcessInitializeOnLoadMethodAttributes (44ms)
				AfterProcessingInitializeOnLoad (12ms)
				EditorAssembliesLoaded (0ms)
			ExecutionOrderSort2 (0ms)
			AwakeInstancesAfterBackupRestoration (6ms)
Platform modules already initialized, skipping
========================================================================
Worker process is ready to serve import requests
Launched and connected shader compiler UnityShaderCompiler.exe after 0.04 seconds
Refreshing native plugins compatible for Editor in 0.81 ms, found 4 plugins.
Preloading 0 native plugins for Editor in 0.00 ms.
Unloading 4238 Unused Serialized files (Serialized files now loaded: 0)
Unloading 51 unused Assets / (129.3 KB). Loaded Objects now: 4699.
Memory consumption went from 161.8 MB to 161.7 MB.
Total: 3.647100 ms (FindLiveObjects: 0.322300 ms CreateObjectMapping: 0.250300 ms MarkObjects: 2.974100 ms  DeleteObjects: 0.099500 ms)

AssetImportParameters requested are different than current active one (requested -> active):
  custom:video-decoder-ogg-theora: a1e56fd34408186e4bbccfd4996cb3dc -> 
  custom:container-muxer-webm: aa71ff27fc2769a1b78a27578f13a17b -> 
  custom:container-demuxer-webm: 4f35f7cbe854078d1ac9338744f61a02 -> 
  custom:video-encoder-webm-vp8: eb34c28f22e8b96e1ab97ce403110664 -> 
  custom:audio-encoder-webm-vorbis: bf7c407c2cedff20999df2af8eb42d56 -> 
  custom:framework-win-MediaFoundation: 216162199b28c13a410421893ffa2e32 -> 
  custom:container-demuxer-ogg: 62fdf1f143b41e24485cea50d1cbac27 -> 
  custom:video-decoder-webm-vp8: 9c59270c3fd7afecdb556c50c9e8de78 -> 
  custom:audio-decoder-ogg-vorbis: bf7c407c2cedff20999df2af8eb42d56 -> 
========================================================================
Received Import Request.
  Time since last request: 323179.275705 seconds.
  path: Assets/Resources/grass.png
  artifactKey: Guid(12e1d02c4a0963b418ea8d68f289cafb) Importer(815301076,1909f56bfc062723c751e8b465ee728b)
Start importing Assets/Resources/grass.png using Guid(12e1d02c4a0963b418ea8d68f289cafb) Importer(815301076,1909f56bfc062723c751e8b465ee728b)  -> (artifact id: '5cf7c65d3379ff0e2ec4a423c61bf61e') in 0.117741 seconds 
========================================================================
Received Import Request.
  Time since last request: 0.000018 seconds.
  path: Assets/Resources/ladder-1.png
  artifactKey: Guid(ec45630ab60cdb94c8ce8f1ed92e5272) Importer(815301076,1909f56bfc062723c751e8b465ee728b)
Start importing Assets/Resources/ladder-1.png using Guid(ec45630ab60cdb94c8ce8f1ed92e5272) Importer(815301076,1909f56bfc062723c751e8b465ee728b)  -> (artifact id: 'ff3eb4886ed283a92899ec9bd4517f5a') in 0.040748 seconds 
========================================================================
Received Import Request.
  Time since last request: 0.907740 seconds.
  path: Assets/Resources/tree.png
  artifactKey: Guid(c2b6d407d72b8f04f89ac67b035a0927) Importer(815301076,1909f56bfc062723c751e8b465ee728b)
Start importing Assets/Resources/tree.png using Guid(c2b6d407d72b8f04f89ac67b035a0927) Importer(815301076,1909f56bfc062723c751e8b465ee728b)  -> (artifact id: '264906077ecf8e24631b40474254b647') in 0.018608 seconds 
========================================================================
Received Import Request.
  Time since last request: 27.561099 seconds.
  path: Assets/Resources/ladder-1.asset
  artifactKey: Guid(f65f9f331529bcb4899a769f22f600a6) Importer(815301076,1909f56bfc062723c751e8b465ee728b)
Start importing Assets/Resources/ladder-1.asset using Guid(f65f9f331529bcb4899a769f22f600a6) Importer(815301076,1909f56bfc062723c751e8b465ee728b)  -> (artifact id: '94d861cdb594d81321186856760ad636') in 0.013853 seconds 
========================================================================
Received Import Request.
  Time since last request: 3.784784 seconds.
  path: Assets/Resources/ladder-2.asset
  artifactKey: Guid(9ab5bc77bbb3e43478e5d29c94fd82dc) Importer(815301076,1909f56bfc062723c751e8b465ee728b)
Start importing Assets/Resources/ladder-2.asset using Guid(9ab5bc77bbb3e43478e5d29c94fd82dc) Importer(815301076,1909f56bfc062723c751e8b465ee728b)  -> (artifact id: '7846d2a414843d767bfcf024b4f74210') in 0.009880 seconds 
========================================================================
Received Import Request.
  Time since last request: 11.495388 seconds.
  path: Assets/Resources/ladder-1.png
  artifactKey: Guid(ec45630ab60cdb94c8ce8f1ed92e5272) Importer(815301076,1909f56bfc062723c751e8b465ee728b)
Start importing Assets/Resources/ladder-1.png using Guid(ec45630ab60cdb94c8ce8f1ed92e5272) Importer(815301076,1909f56bfc062723c751e8b465ee728b)  -> (artifact id: '724f9353ae5996d214cc864c51464bc6') in 0.054305 seconds 
========================================================================
Received Import Request.
  Time since last request: 3.743576 seconds.
  path: Assets/Resources/ladder-2.png
  artifactKey: Guid(bdbf24c6b5af1164aa4cfd14bbc03c3d) Importer(815301076,1909f56bfc062723c751e8b465ee728b)
Start importing Assets/Resources/ladder-2.png using Guid(bdbf24c6b5af1164aa4cfd14bbc03c3d) Importer(815301076,1909f56bfc062723c751e8b465ee728b)  -> (artifact id: 'd92bd22f4a5df0c775f20156bc98cbc5') in 0.006713 seconds 
========================================================================
Received Import Request.
  Time since last request: 0.000014 seconds.
  path: Assets/Resources/ladder-2.asset
  artifactKey: Guid(9ab5bc77bbb3e43478e5d29c94fd82dc) Importer(815301076,1909f56bfc062723c751e8b465ee728b)
Start importing Assets/Resources/ladder-2.asset using Guid(9ab5bc77bbb3e43478e5d29c94fd82dc) Importer(815301076,1909f56bfc062723c751e8b465ee728b)  -> (artifact id: '7aa379557d47c58253ff0f2d76c7e17b') in 0.004987 seconds 
========================================================================
Received Import Request.
  Time since last request: 9.539839 seconds.
  path: Assets/Resources/iced-tile.asset
  artifactKey: Guid(ae0eab7f9bb2b2543bc5cfe719035ef3) Importer(815301076,1909f56bfc062723c751e8b465ee728b)
Start importing Assets/Resources/iced-tile.asset using Guid(ae0eab7f9bb2b2543bc5cfe719035ef3) Importer(815301076,1909f56bfc062723c751e8b465ee728b)  -> (artifact id: '39e709d25901bdafe72575f48f3b3d58') in 0.010373 seconds 
========================================================================
Received Import Request.
  Time since last request: 2.306182 seconds.
  path: Assets/Resources/iced-tile.png
  artifactKey: Guid(a2d7e2544b1848f488e45954a8a7ac21) Importer(815301076,1909f56bfc062723c751e8b465ee728b)
Start importing Assets/Resources/iced-tile.png using Guid(a2d7e2544b1848f488e45954a8a7ac21) Importer(815301076,1909f56bfc062723c751e8b465ee728b)  -> (artifact id: 'b0d0246a78dee8d4c39ebed37d892ca6') in 0.007220 seconds 
========================================================================
Received Import Request.
  Time since last request: 7.592932 seconds.
  path: Assets/Resources/iced-tile.png
  artifactKey: Guid(a2d7e2544b1848f488e45954a8a7ac21) Importer(815301076,1909f56bfc062723c751e8b465ee728b)
Start importing Assets/Resources/iced-tile.png using Guid(a2d7e2544b1848f488e45954a8a7ac21) Importer(815301076,1909f56bfc062723c751e8b465ee728b)  -> (artifact id: '79829878711cb246d76bfbc5cf422804') in 0.008057 seconds 
========================================================================
Received Import Request.
  Time since last request: 447.993680 seconds.
  path: Assets/LevelPalette/Level.prefab
  artifactKey: Guid(bf755f6a2a5f932499a8793c2e1cd52c) Importer(815301076,1909f56bfc062723c751e8b465ee728b)
Start importing Assets/LevelPalette/Level.prefab using Guid(bf755f6a2a5f932499a8793c2e1cd52c) Importer(815301076,1909f56bfc062723c751e8b465ee728b)  -> (artifact id: 'd0942793fc7eb58f892bf23ac9ffdd9a') in 0.038939 seconds 
========================================================================
Received Import Request.
  Time since last request: 16.192980 seconds.
  path: Assets/LevelPalette/Level.prefab
  artifactKey: Guid(bf755f6a2a5f932499a8793c2e1cd52c) Importer(815301076,1909f56bfc062723c751e8b465ee728b)
Start importing Assets/LevelPalette/Level.prefab using Guid(bf755f6a2a5f932499a8793c2e1cd52c) Importer(815301076,1909f56bfc062723c751e8b465ee728b)  -> (artifact id: 'dee6d3dc7a19a2424563c17fa8f5ac90') in 0.013804 seconds 
========================================================================
Received Import Request.
  Time since last request: 19.315169 seconds.
  path: Assets/LevelPalette/Level.prefab
  artifactKey: Guid(bf755f6a2a5f932499a8793c2e1cd52c) Importer(815301076,1909f56bfc062723c751e8b465ee728b)
Start importing Assets/LevelPalette/Level.prefab using Guid(bf755f6a2a5f932499a8793c2e1cd52c) Importer(815301076,1909f56bfc062723c751e8b465ee728b)  -> (artifact id: 'b3c57158ff65fb50cb97a2064d72154b') in 0.017156 seconds 
========================================================================
Received Import Request.
  Time since last request: 15.802715 seconds.
  path: Assets/Resources/grass.png
  artifactKey: Guid(12e1d02c4a0963b418ea8d68f289cafb) Importer(815301076,1909f56bfc062723c751e8b465ee728b)
Start importing Assets/Resources/grass.png using Guid(12e1d02c4a0963b418ea8d68f289cafb) Importer(815301076,1909f56bfc062723c751e8b465ee728b)  -> (artifact id: 'd62f1dc1fd87f09f68caa8056b06cfbb') in 0.006888 seconds 
========================================================================
Received Import Request.
  Time since last request: 0.022006 seconds.
  path: Assets/Resources/grass.asset
  artifactKey: Guid(d1918ee16283b244a80ee83729f36ce1) Importer(815301076,1909f56bfc062723c751e8b465ee728b)
Start importing Assets/Resources/grass.asset using Guid(d1918ee16283b244a80ee83729f36ce1) Importer(815301076,1909f56bfc062723c751e8b465ee728b)  -> (artifact id: '9b384c1e8226ff35de7f29a6f3dfd31e') in 0.005837 seconds 
========================================================================
Received Import Request.
  Time since last request: 648.539773 seconds.
  path: Assets/Resources/background.png
  artifactKey: Guid(dd6ade3ecc7248543bc04ebf4b791928) Importer(815301076,1909f56bfc062723c751e8b465ee728b)
Start importing Assets/Resources/background.png using Guid(dd6ade3ecc7248543bc04ebf4b791928) Importer(815301076,1909f56bfc062723c751e8b465ee728b)  -> (artifact id: 'cec66b09538b24484d2dccd21c449c91') in 0.032445 seconds 
========================================================================
Received Import Request.
  Time since last request: 208.764337 seconds.
  path: Assets/Scenes/SampleScene.unity
  artifactKey: Guid(2cda990e2423bbf4892e6590ba056729) Importer(815301076,1909f56bfc062723c751e8b465ee728b)
Start importing Assets/Scenes/SampleScene.unity using Guid(2cda990e2423bbf4892e6590ba056729) Importer(815301076,1909f56bfc062723c751e8b465ee728b)  -> (artifact id: 'be13f4aeb358901d4103e5aea3451619') in 0.010116 seconds 
========================================================================
Received Import Request.
  Time since last request: 100.963545 seconds.
  path: Assets/Scenes/level1.unity
  artifactKey: Guid(2cda990e2423bbf4892e6590ba056729) Importer(815301076,1909f56bfc062723c751e8b465ee728b)
Start importing Assets/Scenes/level1.unity using Guid(2cda990e2423bbf4892e6590ba056729) Importer(815301076,1909f56bfc062723c751e8b465ee728b)  -> (artifact id: '403ae9dcbce89a2d763e3e8d48495b13') in 0.010731 seconds 
========================================================================
Received Import Request.
  Time since last request: 416.181144 seconds.
  path: Assets/Resources/tree.asset
  artifactKey: Guid(b0816f63abbdda64a8caaa0e947955cd) Importer(815301076,1909f56bfc062723c751e8b465ee728b)
Start importing Assets/Resources/tree.asset using Guid(b0816f63abbdda64a8caaa0e947955cd) Importer(815301076,1909f56bfc062723c751e8b465ee728b)  -> (artifact id: '003fd5ee55c481b75af47c81cad890eb') in 0.012742 seconds 
========================================================================
Received Import Request.
  Time since last request: 43.407588 seconds.
  path: Assets/Resources/tree.png
  artifactKey: Guid(c2b6d407d72b8f04f89ac67b035a0927) Importer(815301076,1909f56bfc062723c751e8b465ee728b)
Start importing Assets/Resources/tree.png using Guid(c2b6d407d72b8f04f89ac67b035a0927) Importer(815301076,1909f56bfc062723c751e8b465ee728b)  -> (artifact id: 'b5e21e35e0ed8ed4eddb261ea254d231') in 0.013977 seconds 
========================================================================
Received Import Request.
  Time since last request: 0.000018 seconds.
  path: Assets/Resources/tree.asset
  artifactKey: Guid(b0816f63abbdda64a8caaa0e947955cd) Importer(815301076,1909f56bfc062723c751e8b465ee728b)
Start importing Assets/Resources/tree.asset using Guid(b0816f63abbdda64a8caaa0e947955cd) Importer(815301076,1909f56bfc062723c751e8b465ee728b)  -> (artifact id: '1b83940aa3db7f8cd2a67cacf04dd609') in 0.010472 seconds 
========================================================================
Received Import Request.
  Time since last request: 53.772460 seconds.
  path: Assets/Resources/iced-grass.png
  artifactKey: Guid(aeadbcdee3a4705498bd6c3c5452f3d8) Importer(815301076,1909f56bfc062723c751e8b465ee728b)
Start importing Assets/Resources/iced-grass.png using Guid(aeadbcdee3a4705498bd6c3c5452f3d8) Importer(815301076,1909f56bfc062723c751e8b465ee728b)  -> (artifact id: 'd3d45f3934d701e0fa1a5e61d2c3c2ea') in 0.008228 seconds 
========================================================================
Received Import Request.
  Time since last request: 3.592404 seconds.
  path: Assets/Resources/iced-ladder-1.png
  artifactKey: Guid(421d4e13398f1214ba6f4890d494ec86) Importer(815301076,1909f56bfc062723c751e8b465ee728b)
Start importing Assets/Resources/iced-ladder-1.png using Guid(421d4e13398f1214ba6f4890d494ec86) Importer(815301076,1909f56bfc062723c751e8b465ee728b)  -> (artifact id: 'c681f82e387ca75d4700c10921b0c269') in 0.007282 seconds 
========================================================================
Received Import Request.
  Time since last request: 0.036753 seconds.
  path: Assets/Resources/iced-ladder-2.png
  artifactKey: Guid(34dac76481cdd254699025dfd9583f5e) Importer(815301076,1909f56bfc062723c751e8b465ee728b)
Start importing Assets/Resources/iced-ladder-2.png using Guid(34dac76481cdd254699025dfd9583f5e) Importer(815301076,1909f56bfc062723c751e8b465ee728b)  -> (artifact id: '55ca29df0b24f22a25cb494ea5c240df') in 0.007639 seconds 
========================================================================
Received Import Request.
  Time since last request: 3.491779 seconds.
  path: Assets/Resources/iced-tree.png
  artifactKey: Guid(f06127838f2fae244ac2374ec0564e77) Importer(815301076,1909f56bfc062723c751e8b465ee728b)
Start importing Assets/Resources/iced-tree.png using Guid(f06127838f2fae244ac2374ec0564e77) Importer(815301076,1909f56bfc062723c751e8b465ee728b)  -> (artifact id: 'ed2562b659fae1d30f4fc04975c0c450') in 0.017900 seconds 
========================================================================
Received Import Request.
  Time since last request: 6.641936 seconds.
  path: Assets/Resources/background.png
  artifactKey: Guid(dd6ade3ecc7248543bc04ebf4b791928) Importer(815301076,1909f56bfc062723c751e8b465ee728b)
Start importing Assets/Resources/background.png using Guid(dd6ade3ecc7248543bc04ebf4b791928) Importer(815301076,1909f56bfc062723c751e8b465ee728b)  -> (artifact id: '2e5f552eda0e0c8a8052dee84826ecff') in 0.026341 seconds 
========================================================================
Received Import Request.
  Time since last request: 9.282561 seconds.
  path: Assets/Resources/background.png
  artifactKey: Guid(dd6ade3ecc7248543bc04ebf4b791928) Importer(815301076,1909f56bfc062723c751e8b465ee728b)
Start importing Assets/Resources/background.png using Guid(dd6ade3ecc7248543bc04ebf4b791928) Importer(815301076,1909f56bfc062723c751e8b465ee728b)  -> (artifact id: '5cb2e648e5bb0239ce4a70e9c938cb97') in 0.027180 seconds 
========================================================================
Received Import Request.
  Time since last request: 3.600085 seconds.
  path: Assets/Resources/character1.png
  artifactKey: Guid(182bc326d9c3f7545be430b8a93fd138) Importer(815301076,1909f56bfc062723c751e8b465ee728b)
Start importing Assets/Resources/character1.png using Guid(182bc326d9c3f7545be430b8a93fd138) Importer(815301076,1909f56bfc062723c751e8b465ee728b)  -> (artifact id: 'a7561c8c57794ffb6fcb5ffa41d9d901') in 0.020203 seconds 
========================================================================
Received Prepare
Registering precompiled user dll's ...
Registered in 0.006681 seconds.
Begin MonoManager ReloadAssembly
Symbol file LoadedFromMemory doesn't match image D:\Desktop\Files\GameProjects\JackFrostRemaster\Library\PackageCache\com.unity.visualscripting@1.8.0\Editor\VisualScripting.Core\Dependencies\YamlDotNet\Unity.VisualScripting.YamlDotNet.dll
Symbol file LoadedFromMemory doesn't match image D:\Desktop\Files\GameProjects\JackFrostRemaster\Library\PackageCache\com.unity.visualscripting@1.8.0\Editor\VisualScripting.Core\Dependencies\DotNetZip\Unity.VisualScripting.IonicZip.dll
Native extension for WindowsStandalone target not found
Native extension for iOS target not found
Native extension for Android target not found
Refreshing native plugins compatible for Editor in 0.77 ms, found 4 plugins.
Preloading 0 native plugins for Editor in 0.00 ms.
Mono: successfully reloaded assembly
- Completed reload, in  1.457 seconds
Domain Reload Profiling:
	ReloadAssembly (1458ms)
		BeginReloadAssembly (185ms)
			ExecutionOrderSort (0ms)
			DisableScriptedObjects (6ms)
			BackupInstance (0ms)
			ReleaseScriptingObjects (0ms)
			CreateAndSetChildDomain (52ms)
		EndReloadAssembly (1149ms)
			LoadAssemblies (132ms)
			RebuildTransferFunctionScriptingTraits (0ms)
			SetupTypeCache (290ms)
			ReleaseScriptCaches (1ms)
			RebuildScriptCaches (55ms)
			SetupLoadedEditorAssemblies (642ms)
				LogAssemblyErrors (0ms)
				InitializePlatformSupportModulesInManaged (33ms)
				SetLoadedEditorAssemblies (0ms)
				RefreshPlugins (1ms)
				BeforeProcessingInitializeOnLoad (81ms)
				ProcessInitializeOnLoadAttributes (477ms)
				ProcessInitializeOnLoadMethodAttributes (38ms)
				AfterProcessingInitializeOnLoad (11ms)
				EditorAssembliesLoaded (0ms)
			ExecutionOrderSort2 (0ms)
			AwakeInstancesAfterBackupRestoration (7ms)
Platform modules already initialized, skipping
Refreshing native plugins compatible for Editor in 2.54 ms, found 4 plugins.
Preloading 0 native plugins for Editor in 0.00 ms.
Unloading 4227 Unused Serialized files (Serialized files now loaded: 0)
Unloading 24 unused Assets / (95.3 KB). Loaded Objects now: 4746.
Memory consumption went from 165.1 MB to 165.0 MB.
Total: 3.664700 ms (FindLiveObjects: 0.299800 ms CreateObjectMapping: 0.264400 ms MarkObjects: 3.052100 ms  DeleteObjects: 0.047600 ms)

AssetImportParameters requested are different than current active one (requested -> active):
  custom:video-decoder-ogg-theora: a1e56fd34408186e4bbccfd4996cb3dc -> 
  custom:container-muxer-webm: aa71ff27fc2769a1b78a27578f13a17b -> 
  custom:container-demuxer-webm: 4f35f7cbe854078d1ac9338744f61a02 -> 
  custom:video-encoder-webm-vp8: eb34c28f22e8b96e1ab97ce403110664 -> 
  custom:audio-encoder-webm-vorbis: bf7c407c2cedff20999df2af8eb42d56 -> 
  custom:framework-win-MediaFoundation: 216162199b28c13a410421893ffa2e32 -> 
  custom:container-demuxer-ogg: 62fdf1f143b41e24485cea50d1cbac27 -> 
  custom:video-decoder-webm-vp8: 9c59270c3fd7afecdb556c50c9e8de78 -> 
  custom:audio-decoder-ogg-vorbis: bf7c407c2cedff20999df2af8eb42d56 -> 
========================================================================
Received Prepare
Registering precompiled user dll's ...
Registered in 0.005198 seconds.
Begin MonoManager ReloadAssembly
Symbol file LoadedFromMemory doesn't match image D:\Desktop\Files\GameProjects\JackFrostRemaster\Library\PackageCache\com.unity.visualscripting@1.8.0\Editor\VisualScripting.Core\Dependencies\YamlDotNet\Unity.VisualScripting.YamlDotNet.dll
Symbol file LoadedFromMemory doesn't match image D:\Desktop\Files\GameProjects\JackFrostRemaster\Library\PackageCache\com.unity.visualscripting@1.8.0\Editor\VisualScripting.Core\Dependencies\DotNetZip\Unity.VisualScripting.IonicZip.dll
Native extension for WindowsStandalone target not found
Native extension for iOS target not found
Native extension for Android target not found
Refreshing native plugins compatible for Editor in 0.68 ms, found 4 plugins.
Preloading 0 native plugins for Editor in 0.00 ms.
Mono: successfully reloaded assembly
- Completed reload, in  1.289 seconds
Domain Reload Profiling:
	ReloadAssembly (1290ms)
		BeginReloadAssembly (172ms)
			ExecutionOrderSort (0ms)
			DisableScriptedObjects (7ms)
			BackupInstance (0ms)
			ReleaseScriptingObjects (0ms)
			CreateAndSetChildDomain (45ms)
		EndReloadAssembly (999ms)
			LoadAssemblies (116ms)
			RebuildTransferFunctionScriptingTraits (0ms)
			SetupTypeCache (280ms)
			ReleaseScriptCaches (1ms)
			RebuildScriptCaches (46ms)
			SetupLoadedEditorAssemblies (530ms)
				LogAssemblyErrors (0ms)
				InitializePlatformSupportModulesInManaged (27ms)
				SetLoadedEditorAssemblies (0ms)
				RefreshPlugins (1ms)
				BeforeProcessingInitializeOnLoad (65ms)
				ProcessInitializeOnLoadAttributes (391ms)
				ProcessInitializeOnLoadMethodAttributes (35ms)
				AfterProcessingInitializeOnLoad (10ms)
				EditorAssembliesLoaded (0ms)
			ExecutionOrderSort2 (0ms)
			AwakeInstancesAfterBackupRestoration (6ms)
Platform modules already initialized, skipping
Refreshing native plugins compatible for Editor in 2.55 ms, found 4 plugins.
Preloading 0 native plugins for Editor in 0.00 ms.
Unloading 4227 Unused Serialized files (Serialized files now loaded: 0)
Unloading 24 unused Assets / (95.3 KB). Loaded Objects now: 4761.
Memory consumption went from 165.1 MB to 165.0 MB.
Total: 3.918700 ms (FindLiveObjects: 0.290500 ms CreateObjectMapping: 0.261500 ms MarkObjects: 3.329100 ms  DeleteObjects: 0.036800 ms)

AssetImportParameters requested are different than current active one (requested -> active):
  custom:video-decoder-ogg-theora: a1e56fd34408186e4bbccfd4996cb3dc -> 
  custom:container-muxer-webm: aa71ff27fc2769a1b78a27578f13a17b -> 
  custom:container-demuxer-webm: 4f35f7cbe854078d1ac9338744f61a02 -> 
  custom:video-encoder-webm-vp8: eb34c28f22e8b96e1ab97ce403110664 -> 
  custom:audio-encoder-webm-vorbis: bf7c407c2cedff20999df2af8eb42d56 -> 
  custom:framework-win-MediaFoundation: 216162199b28c13a410421893ffa2e32 -> 
  custom:container-demuxer-ogg: 62fdf1f143b41e24485cea50d1cbac27 -> 
  custom:video-decoder-webm-vp8: 9c59270c3fd7afecdb556c50c9e8de78 -> 
  custom:audio-decoder-ogg-vorbis: bf7c407c2cedff20999df2af8eb42d56 -> 
========================================================================
Received Import Request.
  Time since last request: 1153.003697 seconds.
  path: Assets/LevelPalette/Level.prefab
  artifactKey: Guid(bf755f6a2a5f932499a8793c2e1cd52c) Importer(815301076,1909f56bfc062723c751e8b465ee728b)
Start importing Assets/LevelPalette/Level.prefab using Guid(bf755f6a2a5f932499a8793c2e1cd52c) Importer(815301076,1909f56bfc062723c751e8b465ee728b)  -> (artifact id: '82417c87ae6de22f395b67bbb022cc34') in 0.079237 seconds 
========================================================================
Received Import Request.
  Time since last request: 0.892752 seconds.
  path: Assets/LevelPalette
  artifactKey: Guid(2c0c180fdd1f8694880450582528bb9d) Importer(815301076,1909f56bfc062723c751e8b465ee728b)
Start importing Assets/LevelPalette using Guid(2c0c180fdd1f8694880450582528bb9d) Importer(815301076,1909f56bfc062723c751e8b465ee728b)  -> (artifact id: '84d50de47521f06afa5b7505ef5b7058') in 0.007160 seconds 
========================================================================
Received Import Request.
  Time since last request: 9.464799 seconds.
  path: Assets/Prefabs
  artifactKey: Guid(ab157da02fda2714f9cc5ca3b220dc4e) Importer(815301076,1909f56bfc062723c751e8b465ee728b)
Start importing Assets/Prefabs using Guid(ab157da02fda2714f9cc5ca3b220dc4e) Importer(815301076,1909f56bfc062723c751e8b465ee728b)  -> (artifact id: 'fd019a9a6d5a606468ec178b683fe1fe') in 0.008486 seconds 
========================================================================
Received Import Request.
  Time since last request: 2.899691 seconds.
  path: Assets/Prefabs/character1.prefab
  artifactKey: Guid(6ddd111e6b0bdbd48bc97ba50364f580) Importer(815301076,1909f56bfc062723c751e8b465ee728b)
Start importing Assets/Prefabs/character1.prefab using Guid(6ddd111e6b0bdbd48bc97ba50364f580) Importer(815301076,1909f56bfc062723c751e8b465ee728b)  -> (artifact id: '4cc1e51dfec80a5e891d4827f8b6429d') in 0.014846 seconds 
========================================================================
Received Import Request.
  Time since last request: 111.779641 seconds.
  path: Assets/Prefabs/character1.prefab
  artifactKey: Guid(6ddd111e6b0bdbd48bc97ba50364f580) Importer(815301076,1909f56bfc062723c751e8b465ee728b)
Start importing Assets/Prefabs/character1.prefab using Guid(6ddd111e6b0bdbd48bc97ba50364f580) Importer(815301076,1909f56bfc062723c751e8b465ee728b)  -> (artifact id: '8e059746bb1185269364f7371838ec27') in 0.029164 seconds 
========================================================================
Received Import Request.
  Time since last request: 61.616924 seconds.
  path: Assets/Prefabs/JackFrost1.prefab
  artifactKey: Guid(bf81650ec06966b4db1d21874c9ea4f4) Importer(815301076,1909f56bfc062723c751e8b465ee728b)
Start importing Assets/Prefabs/JackFrost1.prefab using Guid(bf81650ec06966b4db1d21874c9ea4f4) Importer(815301076,1909f56bfc062723c751e8b465ee728b)  -> (artifact id: '31c3e5d2a9de1bcae99064b9e58999b7') in 0.013049 seconds 
========================================================================
Received Import Request.
  Time since last request: 5.701145 seconds.
  path: Assets/Prefabs/JackFrost1.prefab
  artifactKey: Guid(bf81650ec06966b4db1d21874c9ea4f4) Importer(815301076,1909f56bfc062723c751e8b465ee728b)
Start importing Assets/Prefabs/JackFrost1.prefab using Guid(bf81650ec06966b4db1d21874c9ea4f4) Importer(815301076,1909f56bfc062723c751e8b465ee728b)  -> (artifact id: '140aed3ffc6a3ee4a49565eb31e469ae') in 0.007060 seconds 
========================================================================
Received Import Request.
  Time since last request: 1.940266 seconds.
  path: Assets/Prefabs/JackFrost1.prefab
  artifactKey: Guid(bf81650ec06966b4db1d21874c9ea4f4) Importer(815301076,1909f56bfc062723c751e8b465ee728b)
Start importing Assets/Prefabs/JackFrost1.prefab using Guid(bf81650ec06966b4db1d21874c9ea4f4) Importer(815301076,1909f56bfc062723c751e8b465ee728b)  -> (artifact id: '2b4e1c1238332c7a8718440def3276f5') in 0.014337 seconds 
========================================================================
Received Import Request.
  Time since last request: 9.036581 seconds.
  path: Assets/Resources/grass.asset
  artifactKey: Guid(d1918ee16283b244a80ee83729f36ce1) Importer(815301076,1909f56bfc062723c751e8b465ee728b)
Start importing Assets/Resources/grass.asset using Guid(d1918ee16283b244a80ee83729f36ce1) Importer(815301076,1909f56bfc062723c751e8b465ee728b)  -> (artifact id: '9f82168753ad1ab0fdcdd2a05951bb90') in 0.013858 seconds 
========================================================================
Received Import Request.
  Time since last request: 0.000016 seconds.
  path: Assets/Resources/ladder-2.asset
  artifactKey: Guid(9ab5bc77bbb3e43478e5d29c94fd82dc) Importer(815301076,1909f56bfc062723c751e8b465ee728b)
Start importing Assets/Resources/ladder-2.asset using Guid(9ab5bc77bbb3e43478e5d29c94fd82dc) Importer(815301076,1909f56bfc062723c751e8b465ee728b)  -> (artifact id: '63f3a86b4d49a8576c86a7ceb42f5a75') in 0.008663 seconds 
========================================================================
Received Import Request.
  Time since last request: 0.000022 seconds.
  path: Assets/Resources/tree.asset
  artifactKey: Guid(b0816f63abbdda64a8caaa0e947955cd) Importer(815301076,1909f56bfc062723c751e8b465ee728b)
Start importing Assets/Resources/tree.asset using Guid(b0816f63abbdda64a8caaa0e947955cd) Importer(815301076,1909f56bfc062723c751e8b465ee728b)  -> (artifact id: '9f8e8a5f073420f589bdd0b8bc857d4c') in 0.013617 seconds 
